2022-01-11 00:20:24,395 DEBUG    root            Loaded Command Group: ['gcloud', 'components']
2022-01-11 00:20:24,398 DEBUG    root            Loaded Command Group: ['gcloud', 'components', 'update']
2022-01-11 00:20:24,400 DEBUG    root            Running [gcloud.components.update] with arguments: [--allow-no-backup: "True", --quiet: "True", COMPONENT-IDS:6: "['core', 'gcloud-deps', 'bq', 'gcloud', 'gsutil', 'anthoscli']"]
2022-01-11 00:20:24,406 INFO     ___FILE_ONLY___ Beginning update. This process may take several minutes.

2022-01-11 00:20:24,442 DEBUG    urllib3.connectionpool Starting new HTTPS connection (1): dl.google.com:443
2022-01-11 00:20:24,674 DEBUG    urllib3.connectionpool https://dl.google.com:443 "GET /dl/cloudsdk/channels/rapid/components-2.json HTTP/1.1" 200 176227
2022-01-11 00:20:24,728 INFO     ___FILE_ONLY___ 

2022-01-11 00:20:24,728 INFO     ___FILE_ONLY___ 
Your current Cloud SDK version is: 367.0.0

2022-01-11 00:20:24,728 INFO     ___FILE_ONLY___ Installing components from version: 367.0.0

2022-01-11 00:20:24,729 INFO     ___FILE_ONLY___ 

2022-01-11 00:20:24,735 INFO     ___FILE_ONLY___ ┌─────────────────────────────────────────────────────────────────────────────┐
2022-01-11 00:20:24,735 INFO     ___FILE_ONLY___ 

2022-01-11 00:20:24,735 INFO     ___FILE_ONLY___ │                     These components will be installed.                     │
2022-01-11 00:20:24,735 INFO     ___FILE_ONLY___ 

2022-01-11 00:20:24,735 INFO     ___FILE_ONLY___ ├─────────────────────────────────────────────────────┬────────────┬──────────┤
2022-01-11 00:20:24,735 INFO     ___FILE_ONLY___ 

2022-01-11 00:20:24,736 INFO     ___FILE_ONLY___ │                         Name                        │  Version   │   Size   │
2022-01-11 00:20:24,736 INFO     ___FILE_ONLY___ 

2022-01-11 00:20:24,736 INFO     ___FILE_ONLY___ ├─────────────────────────────────────────────────────┼────────────┼──────────┤
2022-01-11 00:20:24,736 INFO     ___FILE_ONLY___ 

2022-01-11 00:20:24,736 INFO     ___FILE_ONLY___ │ 
2022-01-11 00:20:24,736 INFO     ___FILE_ONLY___ BigQuery Command Line Tool                         
2022-01-11 00:20:24,736 INFO     ___FILE_ONLY___  
2022-01-11 00:20:24,737 INFO     ___FILE_ONLY___ │ 
2022-01-11 00:20:24,737 INFO     ___FILE_ONLY___     2.0.72
2022-01-11 00:20:24,737 INFO     ___FILE_ONLY___  
2022-01-11 00:20:24,737 INFO     ___FILE_ONLY___ │ 
2022-01-11 00:20:24,737 INFO     ___FILE_ONLY___  1.0 MiB
2022-01-11 00:20:24,737 INFO     ___FILE_ONLY___  
2022-01-11 00:20:24,737 INFO     ___FILE_ONLY___ │
2022-01-11 00:20:24,737 INFO     ___FILE_ONLY___ 

2022-01-11 00:20:24,738 INFO     ___FILE_ONLY___ │ 
2022-01-11 00:20:24,738 INFO     ___FILE_ONLY___ BigQuery Command Line Tool (Platform Specific)     
2022-01-11 00:20:24,738 INFO     ___FILE_ONLY___  
2022-01-11 00:20:24,738 INFO     ___FILE_ONLY___ │ 
2022-01-11 00:20:24,738 INFO     ___FILE_ONLY___     2.0.71
2022-01-11 00:20:24,738 INFO     ___FILE_ONLY___  
2022-01-11 00:20:24,738 INFO     ___FILE_ONLY___ │ 
2022-01-11 00:20:24,739 INFO     ___FILE_ONLY___  < 1 MiB
2022-01-11 00:20:24,739 INFO     ___FILE_ONLY___  
2022-01-11 00:20:24,739 INFO     ___FILE_ONLY___ │
2022-01-11 00:20:24,739 INFO     ___FILE_ONLY___ 

2022-01-11 00:20:24,739 INFO     ___FILE_ONLY___ │ 
2022-01-11 00:20:24,739 INFO     ___FILE_ONLY___ Cloud SDK Core Libraries (Platform Specific)       
2022-01-11 00:20:24,739 INFO     ___FILE_ONLY___  
2022-01-11 00:20:24,739 INFO     ___FILE_ONLY___ │ 
2022-01-11 00:20:24,740 INFO     ___FILE_ONLY___ 2021.09.17
2022-01-11 00:20:24,740 INFO     ___FILE_ONLY___  
2022-01-11 00:20:24,740 INFO     ___FILE_ONLY___ │ 
2022-01-11 00:20:24,740 INFO     ___FILE_ONLY___  < 1 MiB
2022-01-11 00:20:24,740 INFO     ___FILE_ONLY___  
2022-01-11 00:20:24,740 INFO     ___FILE_ONLY___ │
2022-01-11 00:20:24,740 INFO     ___FILE_ONLY___ 

2022-01-11 00:20:24,740 INFO     ___FILE_ONLY___ │ 
2022-01-11 00:20:24,740 INFO     ___FILE_ONLY___ Cloud Storage Command Line Tool                    
2022-01-11 00:20:24,741 INFO     ___FILE_ONLY___  
2022-01-11 00:20:24,741 INFO     ___FILE_ONLY___ │ 
2022-01-11 00:20:24,741 INFO     ___FILE_ONLY___        5.5
2022-01-11 00:20:24,741 INFO     ___FILE_ONLY___  
2022-01-11 00:20:24,741 INFO     ___FILE_ONLY___ │ 
2022-01-11 00:20:24,741 INFO     ___FILE_ONLY___  8.1 MiB
2022-01-11 00:20:24,741 INFO     ___FILE_ONLY___  
2022-01-11 00:20:24,741 INFO     ___FILE_ONLY___ │
2022-01-11 00:20:24,742 INFO     ___FILE_ONLY___ 

2022-01-11 00:20:24,742 INFO     ___FILE_ONLY___ │ 
2022-01-11 00:20:24,742 INFO     ___FILE_ONLY___ Cloud Storage Command Line Tool (Platform Specific)
2022-01-11 00:20:24,742 INFO     ___FILE_ONLY___  
2022-01-11 00:20:24,742 INFO     ___FILE_ONLY___ │ 
2022-01-11 00:20:24,742 INFO     ___FILE_ONLY___       4.68
2022-01-11 00:20:24,742 INFO     ___FILE_ONLY___  
2022-01-11 00:20:24,742 INFO     ___FILE_ONLY___ │ 
2022-01-11 00:20:24,743 INFO     ___FILE_ONLY___  < 1 MiB
2022-01-11 00:20:24,743 INFO     ___FILE_ONLY___  
2022-01-11 00:20:24,743 INFO     ___FILE_ONLY___ │
2022-01-11 00:20:24,743 INFO     ___FILE_ONLY___ 

2022-01-11 00:20:24,743 INFO     ___FILE_ONLY___ │ 
2022-01-11 00:20:24,743 INFO     ___FILE_ONLY___ anthoscli                                          
2022-01-11 00:20:24,743 INFO     ___FILE_ONLY___  
2022-01-11 00:20:24,743 INFO     ___FILE_ONLY___ │ 
2022-01-11 00:20:24,743 INFO     ___FILE_ONLY___     0.2.21
2022-01-11 00:20:24,744 INFO     ___FILE_ONLY___  
2022-01-11 00:20:24,744 INFO     ___FILE_ONLY___ │ 
2022-01-11 00:20:24,744 INFO     ___FILE_ONLY___ 47.5 MiB
2022-01-11 00:20:24,744 INFO     ___FILE_ONLY___  
2022-01-11 00:20:24,744 INFO     ___FILE_ONLY___ │
2022-01-11 00:20:24,744 INFO     ___FILE_ONLY___ 

2022-01-11 00:20:24,744 INFO     ___FILE_ONLY___ │ 
2022-01-11 00:20:24,744 INFO     ___FILE_ONLY___ gcloud cli dependencies                            
2022-01-11 00:20:24,745 INFO     ___FILE_ONLY___  
2022-01-11 00:20:24,745 INFO     ___FILE_ONLY___ │ 
2022-01-11 00:20:24,745 INFO     ___FILE_ONLY___ 2021.04.16
2022-01-11 00:20:24,745 INFO     ___FILE_ONLY___  
2022-01-11 00:20:24,745 INFO     ___FILE_ONLY___ │ 
2022-01-11 00:20:24,745 INFO     ___FILE_ONLY___  < 1 MiB
2022-01-11 00:20:24,745 INFO     ___FILE_ONLY___  
2022-01-11 00:20:24,745 INFO     ___FILE_ONLY___ │
2022-01-11 00:20:24,745 INFO     ___FILE_ONLY___ 

2022-01-11 00:20:24,746 INFO     ___FILE_ONLY___ └─────────────────────────────────────────────────────┴────────────┴──────────┘
2022-01-11 00:20:24,746 INFO     ___FILE_ONLY___ 

2022-01-11 00:20:24,746 INFO     ___FILE_ONLY___ 

2022-01-11 00:20:24,749 DEBUG    urllib3.connectionpool Starting new HTTPS connection (1): dl.google.com:443
2022-01-11 00:20:24,973 DEBUG    urllib3.connectionpool https://dl.google.com:443 "GET /dl/cloudsdk/channels/rapid/RELEASE_NOTES HTTP/1.1" 200 739514
2022-01-11 00:20:25,054 INFO     ___FILE_ONLY___ For the latest full release notes, please visit:
  https://cloud.google.com/sdk/release_notes


2022-01-11 00:20:25,054 INFO     ___FILE_ONLY___ ╔════════════════════════════════════════════════════════════╗

2022-01-11 00:20:25,054 INFO     ___FILE_ONLY___ ╠═ Creating update staging area                             ═╣

2022-01-11 00:20:25,054 INFO     ___FILE_ONLY___ ╚
2022-01-11 00:20:25,055 INFO     ___FILE_ONLY___ ══════
2022-01-11 00:20:25,055 INFO     ___FILE_ONLY___ ══════
2022-01-11 00:20:25,055 INFO     ___FILE_ONLY___ ══════
2022-01-11 00:20:25,280 INFO     ___FILE_ONLY___ ═
2022-01-11 00:20:25,580 INFO     ___FILE_ONLY___ ═
2022-01-11 00:20:25,713 INFO     ___FILE_ONLY___ ═
2022-01-11 00:20:25,870 INFO     ___FILE_ONLY___ ═
2022-01-11 00:20:25,983 INFO     ___FILE_ONLY___ ═
2022-01-11 00:20:26,093 INFO     ___FILE_ONLY___ ═
2022-01-11 00:20:26,206 INFO     ___FILE_ONLY___ ═
2022-01-11 00:20:26,347 INFO     ___FILE_ONLY___ ═
2022-01-11 00:20:26,465 INFO     ___FILE_ONLY___ ═
2022-01-11 00:20:26,577 INFO     ___FILE_ONLY___ ═
2022-01-11 00:20:26,691 INFO     ___FILE_ONLY___ ═
2022-01-11 00:20:26,815 INFO     ___FILE_ONLY___ ═
2022-01-11 00:20:26,940 INFO     ___FILE_ONLY___ ═
2022-01-11 00:20:27,053 INFO     ___FILE_ONLY___ ═
2022-01-11 00:20:27,170 INFO     ___FILE_ONLY___ ═
2022-01-11 00:20:27,294 INFO     ___FILE_ONLY___ ═
2022-01-11 00:20:27,420 INFO     ___FILE_ONLY___ ═
2022-01-11 00:20:27,568 INFO     ___FILE_ONLY___ ═
2022-01-11 00:20:27,712 INFO     ___FILE_ONLY___ ═
2022-01-11 00:20:27,901 INFO     ___FILE_ONLY___ ═
2022-01-11 00:20:28,041 INFO     ___FILE_ONLY___ ═
2022-01-11 00:20:28,181 INFO     ___FILE_ONLY___ ═
2022-01-11 00:20:28,343 INFO     ___FILE_ONLY___ ═
2022-01-11 00:20:28,491 INFO     ___FILE_ONLY___ ═
2022-01-11 00:20:28,653 INFO     ___FILE_ONLY___ ═
2022-01-11 00:20:28,824 INFO     ___FILE_ONLY___ ═
2022-01-11 00:20:28,998 INFO     ___FILE_ONLY___ ═
2022-01-11 00:20:29,159 INFO     ___FILE_ONLY___ ═
2022-01-11 00:20:29,284 INFO     ___FILE_ONLY___ ═
2022-01-11 00:20:29,428 INFO     ___FILE_ONLY___ ═
2022-01-11 00:20:29,559 INFO     ___FILE_ONLY___ ═
2022-01-11 00:20:29,839 INFO     ___FILE_ONLY___ ═
2022-01-11 00:20:29,963 INFO     ___FILE_ONLY___ ═
2022-01-11 00:20:30,250 INFO     ___FILE_ONLY___ ═
2022-01-11 00:20:30,470 INFO     ___FILE_ONLY___ ═
2022-01-11 00:20:30,522 INFO     ___FILE_ONLY___ ═
2022-01-11 00:20:30,593 INFO     ___FILE_ONLY___ ═
2022-01-11 00:20:30,648 INFO     ___FILE_ONLY___ ═
2022-01-11 00:20:30,703 INFO     ___FILE_ONLY___ ═
2022-01-11 00:20:30,756 INFO     ___FILE_ONLY___ ═
2022-01-11 00:20:30,823 INFO     ___FILE_ONLY___ ═
2022-01-11 00:20:30,986 INFO     ___FILE_ONLY___ ═
2022-01-11 00:20:30,986 INFO     ___FILE_ONLY___ ╝

2022-01-11 00:20:31,561 INFO     ___FILE_ONLY___ ╔════════════════════════════════════════════════════════════╗

2022-01-11 00:20:31,561 INFO     ___FILE_ONLY___ ╠═ Installing: BigQuery Command Line Tool                   ═╣

2022-01-11 00:20:31,561 INFO     ___FILE_ONLY___ ╚
2022-01-11 00:20:31,564 DEBUG    urllib3.connectionpool Starting new HTTPS connection (1): dl.google.com:443
2022-01-11 00:20:31,794 DEBUG    urllib3.connectionpool https://dl.google.com:443 "GET /dl/cloudsdk/channels/rapid/components/google-cloud-sdk-bq-20211210155428.tar.gz HTTP/1.1" 200 1083131
2022-01-11 00:20:31,869 INFO     ___FILE_ONLY___ ═
2022-01-11 00:20:31,869 INFO     ___FILE_ONLY___ ═
2022-01-11 00:20:31,869 INFO     ___FILE_ONLY___ ═
2022-01-11 00:20:31,869 INFO     ___FILE_ONLY___ ═
2022-01-11 00:20:31,870 INFO     ___FILE_ONLY___ ═
2022-01-11 00:20:31,870 INFO     ___FILE_ONLY___ ═
2022-01-11 00:20:31,870 INFO     ___FILE_ONLY___ ═
2022-01-11 00:20:31,870 INFO     ___FILE_ONLY___ ═
2022-01-11 00:20:31,870 INFO     ___FILE_ONLY___ ═
2022-01-11 00:20:31,870 INFO     ___FILE_ONLY___ ═
2022-01-11 00:20:31,871 INFO     ___FILE_ONLY___ ═
2022-01-11 00:20:31,871 INFO     ___FILE_ONLY___ ═
2022-01-11 00:20:31,871 INFO     ___FILE_ONLY___ ═
2022-01-11 00:20:31,871 INFO     ___FILE_ONLY___ ═
2022-01-11 00:20:31,871 INFO     ___FILE_ONLY___ ═
2022-01-11 00:20:31,871 INFO     ___FILE_ONLY___ ═
2022-01-11 00:20:31,872 INFO     ___FILE_ONLY___ ═
2022-01-11 00:20:31,872 INFO     ___FILE_ONLY___ ═
2022-01-11 00:20:31,872 INFO     ___FILE_ONLY___ ═
2022-01-11 00:20:31,872 INFO     ___FILE_ONLY___ ═
2022-01-11 00:20:31,872 INFO     ___FILE_ONLY___ ═
2022-01-11 00:20:31,872 INFO     ___FILE_ONLY___ ═
2022-01-11 00:20:31,872 INFO     ___FILE_ONLY___ ═
2022-01-11 00:20:31,873 INFO     ___FILE_ONLY___ ═
2022-01-11 00:20:31,873 INFO     ___FILE_ONLY___ ═
2022-01-11 00:20:31,873 INFO     ___FILE_ONLY___ ═
2022-01-11 00:20:31,873 INFO     ___FILE_ONLY___ ═
2022-01-11 00:20:31,873 INFO     ___FILE_ONLY___ ═
2022-01-11 00:20:31,873 INFO     ___FILE_ONLY___ ═
2022-01-11 00:20:31,874 INFO     ___FILE_ONLY___ ═
2022-01-11 00:20:31,918 INFO     ___FILE_ONLY___ ═
2022-01-11 00:20:31,926 INFO     ___FILE_ONLY___ ═
2022-01-11 00:20:31,930 INFO     ___FILE_ONLY___ ═
2022-01-11 00:20:31,935 INFO     ___FILE_ONLY___ ═
2022-01-11 00:20:31,939 INFO     ___FILE_ONLY___ ═
2022-01-11 00:20:31,946 INFO     ___FILE_ONLY___ ═
2022-01-11 00:20:31,951 INFO     ___FILE_ONLY___ ═
2022-01-11 00:20:31,955 INFO     ___FILE_ONLY___ ═
2022-01-11 00:20:31,960 INFO     ___FILE_ONLY___ ═
2022-01-11 00:20:31,963 INFO     ___FILE_ONLY___ ═
2022-01-11 00:20:31,968 INFO     ___FILE_ONLY___ ═
2022-01-11 00:20:31,973 INFO     ___FILE_ONLY___ ═
2022-01-11 00:20:31,980 INFO     ___FILE_ONLY___ ═
2022-01-11 00:20:31,984 INFO     ___FILE_ONLY___ ═
2022-01-11 00:20:31,989 INFO     ___FILE_ONLY___ ═
2022-01-11 00:20:31,995 INFO     ___FILE_ONLY___ ═
2022-01-11 00:20:31,999 INFO     ___FILE_ONLY___ ═
2022-01-11 00:20:32,002 INFO     ___FILE_ONLY___ ═
2022-01-11 00:20:32,007 INFO     ___FILE_ONLY___ ═
2022-01-11 00:20:32,011 INFO     ___FILE_ONLY___ ═
2022-01-11 00:20:32,015 INFO     ___FILE_ONLY___ ═
2022-01-11 00:20:32,020 INFO     ___FILE_ONLY___ ═
2022-01-11 00:20:32,024 INFO     ___FILE_ONLY___ ═
2022-01-11 00:20:32,029 INFO     ___FILE_ONLY___ ═
2022-01-11 00:20:32,033 INFO     ___FILE_ONLY___ ═
2022-01-11 00:20:32,039 INFO     ___FILE_ONLY___ ═
2022-01-11 00:20:32,045 INFO     ___FILE_ONLY___ ═
2022-01-11 00:20:32,050 INFO     ___FILE_ONLY___ ═
2022-01-11 00:20:32,054 INFO     ___FILE_ONLY___ ═
2022-01-11 00:20:32,059 INFO     ___FILE_ONLY___ ═
2022-01-11 00:20:32,059 INFO     ___FILE_ONLY___ ╝

2022-01-11 00:20:32,068 INFO     ___FILE_ONLY___ ╔════════════════════════════════════════════════════════════╗

2022-01-11 00:20:32,068 INFO     ___FILE_ONLY___ ╠═ Installing: BigQuery Command Line Tool (Platform Spec... ═╣

2022-01-11 00:20:32,068 INFO     ___FILE_ONLY___ ╚
2022-01-11 00:20:32,071 DEBUG    urllib3.connectionpool Starting new HTTPS connection (1): dl.google.com:443
2022-01-11 00:20:32,303 DEBUG    urllib3.connectionpool https://dl.google.com:443 "GET /dl/cloudsdk/channels/rapid/components/google-cloud-sdk-bq-nix-20210917183454.tar.gz HTTP/1.1" 200 1901
2022-01-11 00:20:32,304 INFO     ___FILE_ONLY___ ══════════════════════════════
2022-01-11 00:20:32,305 INFO     ___FILE_ONLY___ ══════════════════════════════
2022-01-11 00:20:32,305 INFO     ___FILE_ONLY___ ╝

2022-01-11 00:20:32,312 INFO     ___FILE_ONLY___ ╔════════════════════════════════════════════════════════════╗

2022-01-11 00:20:32,312 INFO     ___FILE_ONLY___ ╠═ Installing: Cloud SDK Core Libraries (Platform Specific) ═╣

2022-01-11 00:20:32,312 INFO     ___FILE_ONLY___ ╚
2022-01-11 00:20:32,315 DEBUG    urllib3.connectionpool Starting new HTTPS connection (1): dl.google.com:443
2022-01-11 00:20:32,545 DEBUG    urllib3.connectionpool https://dl.google.com:443 "GET /dl/cloudsdk/channels/rapid/components/google-cloud-sdk-core-nix-20210917183454.tar.gz HTTP/1.1" 200 2288
2022-01-11 00:20:32,546 INFO     ___FILE_ONLY___ ══════════════════════════════
2022-01-11 00:20:32,547 INFO     ___FILE_ONLY___ ═══════════════
2022-01-11 00:20:32,547 INFO     ___FILE_ONLY___ ═══════════════
2022-01-11 00:20:32,548 INFO     ___FILE_ONLY___ ╝

2022-01-11 00:20:32,553 INFO     ___FILE_ONLY___ ╔════════════════════════════════════════════════════════════╗

2022-01-11 00:20:32,554 INFO     ___FILE_ONLY___ ╠═ Installing: Cloud Storage Command Line Tool              ═╣

2022-01-11 00:20:32,554 INFO     ___FILE_ONLY___ ╚
2022-01-11 00:20:32,557 DEBUG    urllib3.connectionpool Starting new HTTPS connection (1): dl.google.com:443
2022-01-11 00:20:32,783 DEBUG    urllib3.connectionpool https://dl.google.com:443 "GET /dl/cloudsdk/channels/rapid/components/google-cloud-sdk-gsutil-20211112160846.tar.gz HTTP/1.1" 200 8492857
2022-01-11 00:20:32,933 INFO     ___FILE_ONLY___ ═
2022-01-11 00:20:32,934 INFO     ___FILE_ONLY___ ═
2022-01-11 00:20:32,935 INFO     ___FILE_ONLY___ ═
2022-01-11 00:20:32,936 INFO     ___FILE_ONLY___ ═
2022-01-11 00:20:32,937 INFO     ___FILE_ONLY___ ═
2022-01-11 00:20:32,938 INFO     ___FILE_ONLY___ ═
2022-01-11 00:20:32,938 INFO     ___FILE_ONLY___ ═
2022-01-11 00:20:32,939 INFO     ___FILE_ONLY___ ═
2022-01-11 00:20:32,940 INFO     ___FILE_ONLY___ ═
2022-01-11 00:20:32,941 INFO     ___FILE_ONLY___ ═
2022-01-11 00:20:32,942 INFO     ___FILE_ONLY___ ═
2022-01-11 00:20:32,943 INFO     ___FILE_ONLY___ ═
2022-01-11 00:20:32,944 INFO     ___FILE_ONLY___ ═
2022-01-11 00:20:32,945 INFO     ___FILE_ONLY___ ═
2022-01-11 00:20:32,946 INFO     ___FILE_ONLY___ ═
2022-01-11 00:20:32,947 INFO     ___FILE_ONLY___ ═
2022-01-11 00:20:32,947 INFO     ___FILE_ONLY___ ═
2022-01-11 00:20:32,948 INFO     ___FILE_ONLY___ ═
2022-01-11 00:20:32,949 INFO     ___FILE_ONLY___ ═
2022-01-11 00:20:32,949 INFO     ___FILE_ONLY___ ═
2022-01-11 00:20:32,950 INFO     ___FILE_ONLY___ ═
2022-01-11 00:20:32,950 INFO     ___FILE_ONLY___ ═
2022-01-11 00:20:32,951 INFO     ___FILE_ONLY___ ═
2022-01-11 00:20:32,952 INFO     ___FILE_ONLY___ ═
2022-01-11 00:20:32,952 INFO     ___FILE_ONLY___ ═
2022-01-11 00:20:32,953 INFO     ___FILE_ONLY___ ═
2022-01-11 00:20:32,953 INFO     ___FILE_ONLY___ ═
2022-01-11 00:20:32,953 INFO     ___FILE_ONLY___ ═
2022-01-11 00:20:32,954 INFO     ___FILE_ONLY___ ═
2022-01-11 00:20:32,955 INFO     ___FILE_ONLY___ ═
2022-01-11 00:20:33,323 INFO     ___FILE_ONLY___ ═
2022-01-11 00:20:33,375 INFO     ___FILE_ONLY___ ═
2022-01-11 00:20:33,415 INFO     ___FILE_ONLY___ ═
2022-01-11 00:20:33,455 INFO     ___FILE_ONLY___ ═
2022-01-11 00:20:33,495 INFO     ___FILE_ONLY___ ═
2022-01-11 00:20:33,539 INFO     ___FILE_ONLY___ ═
2022-01-11 00:20:33,585 INFO     ___FILE_ONLY___ ═
2022-01-11 00:20:33,635 INFO     ___FILE_ONLY___ ═
2022-01-11 00:20:33,678 INFO     ___FILE_ONLY___ ═
2022-01-11 00:20:33,724 INFO     ___FILE_ONLY___ ═
2022-01-11 00:20:33,772 INFO     ___FILE_ONLY___ ═
2022-01-11 00:20:33,816 INFO     ___FILE_ONLY___ ═
2022-01-11 00:20:33,860 INFO     ___FILE_ONLY___ ═
2022-01-11 00:20:33,910 INFO     ___FILE_ONLY___ ═
2022-01-11 00:20:33,952 INFO     ___FILE_ONLY___ ═
2022-01-11 00:20:33,999 INFO     ___FILE_ONLY___ ═
2022-01-11 00:20:34,038 INFO     ___FILE_ONLY___ ═
2022-01-11 00:20:34,079 INFO     ___FILE_ONLY___ ═
2022-01-11 00:20:34,124 INFO     ___FILE_ONLY___ ═
2022-01-11 00:20:34,167 INFO     ___FILE_ONLY___ ═
2022-01-11 00:20:34,220 INFO     ___FILE_ONLY___ ═
2022-01-11 00:20:34,265 INFO     ___FILE_ONLY___ ═
2022-01-11 00:20:34,312 INFO     ___FILE_ONLY___ ═
2022-01-11 00:20:34,360 INFO     ___FILE_ONLY___ ═
2022-01-11 00:20:34,407 INFO     ___FILE_ONLY___ ═
2022-01-11 00:20:34,451 INFO     ___FILE_ONLY___ ═
2022-01-11 00:20:34,493 INFO     ___FILE_ONLY___ ═
2022-01-11 00:20:34,530 INFO     ___FILE_ONLY___ ═
2022-01-11 00:20:34,572 INFO     ___FILE_ONLY___ ═
2022-01-11 00:20:34,622 INFO     ___FILE_ONLY___ ═
2022-01-11 00:20:34,623 INFO     ___FILE_ONLY___ ╝

2022-01-11 00:20:34,678 INFO     ___FILE_ONLY___ ╔════════════════════════════════════════════════════════════╗

2022-01-11 00:20:34,678 INFO     ___FILE_ONLY___ ╠═ Installing: Cloud Storage Command Line Tool (Platform... ═╣

2022-01-11 00:20:34,678 INFO     ___FILE_ONLY___ ╚
2022-01-11 00:20:34,680 DEBUG    urllib3.connectionpool Starting new HTTPS connection (1): dl.google.com:443
2022-01-11 00:20:34,908 DEBUG    urllib3.connectionpool https://dl.google.com:443 "GET /dl/cloudsdk/channels/rapid/components/google-cloud-sdk-gsutil-nix-20210917183454.tar.gz HTTP/1.1" 200 1913
2022-01-11 00:20:34,909 INFO     ___FILE_ONLY___ ══════════════════════════════
2022-01-11 00:20:34,910 INFO     ___FILE_ONLY___ ══════════════════════════════
2022-01-11 00:20:34,910 INFO     ___FILE_ONLY___ ╝

2022-01-11 00:20:34,916 INFO     ___FILE_ONLY___ ╔════════════════════════════════════════════════════════════╗

2022-01-11 00:20:34,916 INFO     ___FILE_ONLY___ ╠═ Installing: Default set of gcloud commands               ═╣

2022-01-11 00:20:34,916 INFO     ___FILE_ONLY___ ╚
2022-01-11 00:20:34,919 INFO     ___FILE_ONLY___ ════════════════════════════════════════════════════════════
2022-01-11 00:20:34,920 INFO     ___FILE_ONLY___ ╝

2022-01-11 00:20:34,920 INFO     ___FILE_ONLY___ ╔════════════════════════════════════════════════════════════╗

2022-01-11 00:20:34,920 INFO     ___FILE_ONLY___ ╠═ Installing: anthoscli                                    ═╣

2022-01-11 00:20:34,920 INFO     ___FILE_ONLY___ ╚
2022-01-11 00:20:34,923 INFO     ___FILE_ONLY___ ════════════════════════════════════════════════════════════
2022-01-11 00:20:34,923 INFO     ___FILE_ONLY___ ╝

2022-01-11 00:20:34,924 INFO     ___FILE_ONLY___ ╔════════════════════════════════════════════════════════════╗

2022-01-11 00:20:34,924 INFO     ___FILE_ONLY___ ╠═ Installing: anthoscli                                    ═╣

2022-01-11 00:20:34,924 INFO     ___FILE_ONLY___ ╚
2022-01-11 00:20:34,927 DEBUG    urllib3.connectionpool Starting new HTTPS connection (1): dl.google.com:443
2022-01-11 00:20:35,161 DEBUG    urllib3.connectionpool https://dl.google.com:443 "GET /dl/cloudsdk/channels/rapid/components/google-cloud-sdk-anthoscli-darwin-x86_64-20211015142804.tar.gz HTTP/1.1" 200 49810478
2022-01-11 00:20:35,726 INFO     ___FILE_ONLY___ ═
2022-01-11 00:20:35,729 INFO     ___FILE_ONLY___ ═
2022-01-11 00:20:35,731 INFO     ___FILE_ONLY___ ═
2022-01-11 00:20:35,733 INFO     ___FILE_ONLY___ ═
2022-01-11 00:20:35,737 INFO     ___FILE_ONLY___ ═
2022-01-11 00:20:35,740 INFO     ___FILE_ONLY___ ═
2022-01-11 00:20:35,742 INFO     ___FILE_ONLY___ ═
2022-01-11 00:20:35,745 INFO     ___FILE_ONLY___ ═
2022-01-11 00:20:35,748 INFO     ___FILE_ONLY___ ═
2022-01-11 00:20:35,750 INFO     ___FILE_ONLY___ ═
2022-01-11 00:20:35,753 INFO     ___FILE_ONLY___ ═
2022-01-11 00:20:35,755 INFO     ___FILE_ONLY___ ═
2022-01-11 00:20:35,757 INFO     ___FILE_ONLY___ ═
2022-01-11 00:20:35,760 INFO     ___FILE_ONLY___ ═
2022-01-11 00:20:35,762 INFO     ___FILE_ONLY___ ═
2022-01-11 00:20:35,765 INFO     ___FILE_ONLY___ ═
2022-01-11 00:20:35,767 INFO     ___FILE_ONLY___ ═
2022-01-11 00:20:35,769 INFO     ___FILE_ONLY___ ═
2022-01-11 00:20:35,771 INFO     ___FILE_ONLY___ ═
2022-01-11 00:20:35,773 INFO     ___FILE_ONLY___ ═
2022-01-11 00:20:35,776 INFO     ___FILE_ONLY___ ═
2022-01-11 00:20:35,778 INFO     ___FILE_ONLY___ ═
2022-01-11 00:20:35,781 INFO     ___FILE_ONLY___ ═
2022-01-11 00:20:35,783 INFO     ___FILE_ONLY___ ═
2022-01-11 00:20:35,786 INFO     ___FILE_ONLY___ ═
2022-01-11 00:20:35,790 INFO     ___FILE_ONLY___ ═
2022-01-11 00:20:35,793 INFO     ___FILE_ONLY___ ═
2022-01-11 00:20:35,796 INFO     ___FILE_ONLY___ ═
2022-01-11 00:20:35,799 INFO     ___FILE_ONLY___ ═
2022-01-11 00:20:35,801 INFO     ___FILE_ONLY___ ═
2022-01-11 00:20:36,835 INFO     ___FILE_ONLY___ ══════════
2022-01-11 00:20:36,839 INFO     ___FILE_ONLY___ ═════════
2022-01-11 00:20:36,856 INFO     ___FILE_ONLY___ ═══════════
2022-01-11 00:20:36,856 INFO     ___FILE_ONLY___ ╝

2022-01-11 00:20:36,866 INFO     ___FILE_ONLY___ ╔════════════════════════════════════════════════════════════╗

2022-01-11 00:20:36,866 INFO     ___FILE_ONLY___ ╠═ Installing: gcloud cli dependencies                      ═╣

2022-01-11 00:20:36,866 INFO     ___FILE_ONLY___ ╚
2022-01-11 00:20:36,869 DEBUG    urllib3.connectionpool Starting new HTTPS connection (1): dl.google.com:443
2022-01-11 00:20:37,101 DEBUG    urllib3.connectionpool https://dl.google.com:443 "GET /dl/cloudsdk/channels/rapid/components/google-cloud-sdk-gcloud-deps-darwin-x86_64-20210416153011.tar.gz HTTP/1.1" 200 105
2022-01-11 00:20:37,102 INFO     ___FILE_ONLY___ ══════════════════════════════
2022-01-11 00:20:37,102 INFO     ___FILE_ONLY___ ══════════════════════════════
2022-01-11 00:20:37,103 INFO     ___FILE_ONLY___ ╝

2022-01-11 00:20:37,109 INFO     ___FILE_ONLY___ ╔════════════════════════════════════════════════════════════╗

2022-01-11 00:20:37,109 INFO     ___FILE_ONLY___ ╠═ Creating backup and activating new installation          ═╣

2022-01-11 00:20:37,109 INFO     ___FILE_ONLY___ ╚
2022-01-11 00:20:37,110 DEBUG    root            Attempting to move directory [/usr/local/Caskroom/google-cloud-sdk/latest/google-cloud-sdk] to [/usr/local/Caskroom/google-cloud-sdk/latest/google-cloud-sdk.staging/.install/.backup]
2022-01-11 00:20:37,110 INFO     ___FILE_ONLY___ ══════════════════════════════
2022-01-11 00:20:37,110 DEBUG    root            Attempting to move directory [/usr/local/Caskroom/google-cloud-sdk/latest/google-cloud-sdk.staging] to [/usr/local/Caskroom/google-cloud-sdk/latest/google-cloud-sdk]
2022-01-11 00:20:37,111 INFO     ___FILE_ONLY___ ══════════════════════════════
2022-01-11 00:20:37,111 INFO     ___FILE_ONLY___ ╝

2022-01-11 00:20:37,114 DEBUG    root            Updating notification cache...
2022-01-11 00:20:37,115 INFO     ___FILE_ONLY___ 

2022-01-11 00:20:37,115 INFO     ___FILE_ONLY___ Performing post processing steps...
2022-01-11 00:20:37,116 DEBUG    root            Executing command: ['/usr/local/bin/python3', '-S', '/usr/local/Caskroom/google-cloud-sdk/latest/google-cloud-sdk/lib/gcloud.py', 'components', 'post-process']
2022-01-11 00:20:53,658 DEBUG    ___FILE_ONLY___ 
2022-01-11 00:20:53,659 DEBUG    ___FILE_ONLY___ 
2022-01-11 00:20:53,740 INFO     ___FILE_ONLY___ 
Update done!


2022-01-11 00:20:53,755 INFO     root            Display format: "none"
